{"C:\\Users\\giang\\Fontys\\2jaar\\3semesterOFF\\Individual\\CollegeNetworkFrontend\\src\\global.d.ts": {"path":"C:\\Users\\giang\\Fontys\\2jaar\\3semesterOFF\\Individual\\CollegeNetworkFrontend\\src\\global.d.ts","statementMap":{},"fnMap":{},"branchMap":{},"s":{},"f":{},"b":{},"inputSourceMap":null}
,"C:\\Users\\giang\\Fontys\\2jaar\\3semesterOFF\\Individual\\CollegeNetworkFrontend\\src\\components\\Nav.svelte": {"path":"C:\\Users\\giang\\Fontys\\2jaar\\3semesterOFF\\Individual\\CollegeNetworkFrontend\\src\\components\\Nav.svelte","statementMap":{"0":{"start":{"line":2,"column":26},"end":{"line":2,"column":null}},"1":{"start":{"line":3,"column":20},"end":{"line":3,"column":null}},"2":{"start":{"line":4,"column":15},"end":{"line":4,"column":null}},"3":{"start":{"line":5,"column":23},"end":{"line":5,"column":null}},"4":{"start":{"line":56,"column":16},"end":{"line":63,"column":null}},"5":{"start":{"line":57,"column":20},"end":{"line":59,"column":null}},"6":{"start":{"line":58,"column":24},"end":{"line":58,"column":null}},"7":{"start":{"line":60,"column":20},"end":{"line":62,"column":null}},"8":{"start":{"line":61,"column":24},"end":{"line":61,"column":null}},"9":{"start":{"line":49,"column":99},"end":{"line":49,"column":108}},"10":{"start":{"line":49,"column":91},"end":{"line":49,"column":99}},"11":{"start":{"line":47,"column":16},"end":{"line":54,"column":null}},"12":{"start":{"line":48,"column":20},"end":{"line":50,"column":null}},"13":{"start":{"line":49,"column":22},"end":{"line":49,"column":null}},"14":{"start":{"line":51,"column":20},"end":{"line":53,"column":null}},"15":{"start":{"line":52,"column":22},"end":{"line":52,"column":null}},"16":{"start":{"line":52,"column":108},"end":{"line":52,"column":126}},"17":{"start":{"line":46,"column":17},"end":{"line":46,"column":null}},"18":{"start":{"line":46,"column":21},"end":{"line":46,"column":null}},"19":{"start":{"line":42,"column":22},"end":{"line":42,"column":86}},"20":{"start":{"line":42,"column":49},"end":{"line":42,"column":86}},"21":{"start":{"line":39,"column":0},"end":{"line":67,"column":null}},"22":{"start":{"line":40,"column":4},"end":{"line":66,"column":null}},"23":{"start":{"line":41,"column":8},"end":{"line":44,"column":null}},"24":{"start":{"line":42,"column":12},"end":{"line":42,"column":null}},"25":{"start":{"line":43,"column":12},"end":{"line":43,"column":null}},"26":{"start":{"line":45,"column":8},"end":{"line":65,"column":null}},"27":{"start":{"line":7,"column":15},"end":{"line":7,"column":20}},"28":{"start":{"line":11,"column":4},"end":{"line":11,"column":null}},"29":{"start":{"line":11,"column":29},"end":{"line":11,"column":null}},"30":{"start":{"line":18,"column":32},"end":{"line":18,"column":45}},"31":{"start":{"line":19,"column":16},"end":{"line":19,"column":null}},"32":{"start":{"line":20,"column":16},"end":{"line":20,"column":null}},"33":{"start":{"line":21,"column":16},"end":{"line":21,"column":null}},"34":{"start":{"line":24,"column":12},"end":{"line":24,"column":null}},"35":{"start":{"line":34,"column":8},"end":{"line":34,"column":null}},"36":{"start":{"line":35,"column":8},"end":{"line":35,"column":null}}},"fnMap":{"0":{"name":"(anonymous_17)","decl":{"start":{"line":11,"column":28},"end":{"line":11,"column":29}},"loc":{"start":{"line":11,"column":29},"end":{"line":11,"column":null}}},"1":{"name":"(anonymous_19)","decl":{"start":{"line":16,"column":15},"end":{"line":16,"column":23}},"loc":{"start":{"line":16,"column":23},"end":{"line":23,"column":16}}}},"branchMap":{"0":{"loc":{"start":{"line":49,"column":99},"end":{"line":49,"column":108}},"type":"if","locations":[{"start":{"line":49,"column":99},"end":{"line":49,"column":108}}]},"1":{"loc":{"start":{"line":49,"column":91},"end":{"line":49,"column":99}},"type":"binary-expr","locations":[{"start":{"line":49,"column":91},"end":{"line":49,"column":95}},{"start":{"line":49,"column":91},"end":{"line":49,"column":99}}]},"2":{"loc":{"start":{"line":46,"column":17},"end":{"line":46,"column":null}},"type":"if","locations":[{"start":{"line":46,"column":17},"end":{"line":46,"column":null}}]},"3":{"loc":{"start":{"line":42,"column":22},"end":{"line":42,"column":86}},"type":"if","locations":[{"start":{"line":42,"column":22},"end":{"line":42,"column":86}}]}},"s":{"0":1,"1":1,"2":1,"3":1,"4":1,"5":1,"6":1,"7":1,"8":1,"9":0,"10":0,"11":0,"12":0,"13":0,"14":0,"15":0,"16":0,"17":1,"18":0,"19":1,"20":1,"21":1,"22":1,"23":1,"24":1,"25":1,"26":1,"27":1,"28":1,"29":1,"30":0,"31":0,"32":0,"33":0,"34":0,"35":0,"36":0},"f":{"0":1,"1":0},"b":{"0":[0],"1":[0,0],"2":[0],"3":[1]}}
,"C:\\Users\\giang\\Fontys\\2jaar\\3semesterOFF\\Individual\\CollegeNetworkFrontend\\src\\helpers\\rest\\index.ts": {"path":"C:\\Users\\giang\\Fontys\\2jaar\\3semesterOFF\\Individual\\CollegeNetworkFrontend\\src\\helpers\\rest\\index.ts","statementMap":{"0":{"start":{"line":1,"column":0},"end":{"line":1,"column":26}},"1":{"start":{"line":3,"column":13},"end":{"line":3,"column":null}},"2":{"start":{"line":5,"column":15},"end":{"line":7,"column":2}},"3":{"start":{"line":9,"column":0},"end":{"line":9,"column":null}}},"fnMap":{},"branchMap":{},"s":{"0":1,"1":1,"2":1,"3":1},"f":{},"b":{}}
,"C:\\Users\\giang\\Fontys\\2jaar\\3semesterOFF\\Individual\\CollegeNetworkFrontend\\src\\helpers\\shared\\configs.ts": {"path":"C:\\Users\\giang\\Fontys\\2jaar\\3semesterOFF\\Individual\\CollegeNetworkFrontend\\src\\helpers\\shared\\configs.ts","statementMap":{"0":{"start":{"line":1,"column":13},"end":{"line":6,"column":null}},"1":{"start":{"line":8,"column":13},"end":{"line":13,"column":null}}},"fnMap":{},"branchMap":{},"s":{"0":1,"1":1},"f":{},"b":{}}
,"C:\\Users\\giang\\Fontys\\2jaar\\3semesterOFF\\Individual\\CollegeNetworkFrontend\\src\\helpers\\shared\\stores.ts": {"path":"C:\\Users\\giang\\Fontys\\2jaar\\3semesterOFF\\Individual\\CollegeNetworkFrontend\\src\\helpers\\shared\\stores.ts","statementMap":{"0":{"start":{"line":1,"column":0},"end":{"line":1,"column":38}},"1":{"start":{"line":3,"column":13},"end":{"line":3,"column":45}}},"fnMap":{},"branchMap":{},"s":{"0":1,"1":1},"f":{},"b":{}}
}
